-----------int-----------
GpuCycles:31542946.000000
Instructions:134580134.000000
ExternalMemoryWriteBytes:5136.000000
ExternalMemoryReadBytes:25216.000000
ExternalMemoryWriteStalls:0.000000
ExternalMemoryWriteAccesses:97.000000
ExternalMemoryReadAccesses:394.000000
CacheWriteLookups:28830.000000
CacheReadLookups:9157011.000000
FragmentCycles:0.000000
ShaderTextureCycles:0.000000
TilerCycles:3696477.000000
VertexComputeCycles:31542946.000000
ExternalMemoryReadStalls:0.000000
----------short-----------
GpuCycles:16507154.000000
Instructions:67941345.000000
ExternalMemoryWriteBytes:2848.000000
ExternalMemoryReadBytes:9792.000000
ExternalMemoryWriteStalls:0.000000
ExternalMemoryWriteAccesses:50.000000
ExternalMemoryReadAccesses:153.000000
CacheWriteLookups:41367.000000
CacheReadLookups:3639742.000000
FragmentCycles:0.000000
ShaderTextureCycles:0.000000
TilerCycles:1934367.000000
VertexComputeCycles:16507154.000000
ExternalMemoryReadStalls:0.000000
-----------char-----------
GpuCycles:7883785.000000
Instructions:34090450.000000
ExternalMemoryWriteBytes:2880.000000
ExternalMemoryReadBytes:1600.000000
ExternalMemoryWriteStalls:0.000000
ExternalMemoryWriteAccesses:51.000000
ExternalMemoryReadAccesses:25.000000
CacheWriteLookups:73445.000000
CacheReadLookups:968059.000000
FragmentCycles:0.000000
ShaderTextureCycles:0.000000
TilerCycles:923829.000000
VertexComputeCycles:7883785.000000
ExternalMemoryReadStalls:0.000000